<?xml version="1.0" encoding="UTF-8"?>
<testsuite name="PolarCoordinatesTest" tests="1" skipped="0" failures="0" errors="0" timestamp="2020-02-01T16:59:56" hostname="132.117.74.188.in-addr.arpa" time="0.004">
  <properties/>
  <testcase name="testCallingMain" classname="PolarCoordinatesTest" time="0.004"/>
  <system-out><![CDATA[]]></system-out>
  <system-err><![CDATA[]]></system-err>
</testsuite>
